c:\users\luigicasa\desktop\hamid-luigi\sourcecode\context\x32-release\obj\context\vc141.pdb
c:\users\luigicasa\desktop\hamid-luigi\sourcecode\context\x32-release\obj\context\tag.obj
c:\users\luigicasa\desktop\hamid-luigi\sourcecode\context\x32-release\obj\context\stdafx.obj
c:\users\luigicasa\desktop\hamid-luigi\sourcecode\context\x32-release\obj\context\plugin.obj
c:\users\luigicasa\desktop\hamid-luigi\sourcecode\context\x32-release\obj\context\nppallocator.obj
c:\users\luigicasa\desktop\hamid-luigi\sourcecode\context\x32-release\obj\context\menumanager.obj
c:\users\luigicasa\desktop\hamid-luigi\sourcecode\context\x32-release\obj\context\lexer.obj
c:\users\luigicasa\desktop\hamid-luigi\sourcecode\context\x32-release\obj\context\dynamicidmanager.obj
c:\users\luigicasa\desktop\hamid-luigi\sourcecode\context\x32-release\obj\context\contextmenu.obj
c:\users\luigicasa\desktop\hamid-luigi\sourcecode\context\x32-release\obj\context\contextmacrolistview.obj
c:\users\luigicasa\desktop\hamid-luigi\sourcecode\context\x32-release\obj\context\contexteditu.obj
c:\users\luigicasa\desktop\hamid-luigi\sourcecode\context\x32-release\obj\context\autocompletion.obj
c:\users\luigicasa\desktop\hamid-luigi\sourcecode\context\x32-release\obj\context\tinyxmlparser.obj
c:\users\luigicasa\desktop\hamid-luigi\sourcecode\context\x32-release\obj\context\tinyxmlerror.obj
c:\users\luigicasa\desktop\hamid-luigi\sourcecode\context\x32-release\obj\context\tinyxml.obj
c:\users\luigicasa\desktop\hamid-luigi\sourcecode\context\x32-release\obj\context\wordlist.obj
c:\users\luigicasa\desktop\hamid-luigi\sourcecode\context\x32-release\obj\context\lexerbase.obj
c:\users\luigicasa\desktop\hamid-luigi\sourcecode\context\x32-release\obj\context\accessor.obj
c:\users\luigicasa\desktop\hamid-luigi\sourcecode\context\x32-release\context.lib
c:\users\luigicasa\desktop\hamid-luigi\sourcecode\context\x32-release\context.exp
c:\users\luigicasa\desktop\hamid-luigi\sourcecode\context\x32-release\context.ipdb
c:\users\luigicasa\desktop\hamid-luigi\sourcecode\context\x32-release\context.iobj
c:\users\luigicasa\desktop\hamid-luigi\sourcecode\context\x32-release\obj\context\plugin.res
c:\users\luigicasa\desktop\hamid-luigi\sourcecode\context\x32-release\context.pdb
c:\users\luigicasa\desktop\hamid-luigi\sourcecode\context\x32-release\context.dll
c:\users\luigicasa\desktop\hamid-luigi\sourcecode\context\x32-release\obj\context\context.tlog\cl.command.1.tlog
c:\users\luigicasa\desktop\hamid-luigi\sourcecode\context\x32-release\obj\context\context.tlog\cl.read.1.tlog
c:\users\luigicasa\desktop\hamid-luigi\sourcecode\context\x32-release\obj\context\context.tlog\cl.write.1.tlog
c:\users\luigicasa\desktop\hamid-luigi\sourcecode\context\x32-release\obj\context\context.tlog\context.write.1u.tlog
c:\users\luigicasa\desktop\hamid-luigi\sourcecode\context\x32-release\obj\context\context.tlog\link.command.1.tlog
c:\users\luigicasa\desktop\hamid-luigi\sourcecode\context\x32-release\obj\context\context.tlog\link.read.1.tlog
c:\users\luigicasa\desktop\hamid-luigi\sourcecode\context\x32-release\obj\context\context.tlog\link.write.1.tlog
c:\users\luigicasa\desktop\hamid-luigi\sourcecode\context\x32-release\obj\context\context.tlog\rc.command.1.tlog
c:\users\luigicasa\desktop\hamid-luigi\sourcecode\context\x32-release\obj\context\context.tlog\rc.read.1.tlog
c:\users\luigicasa\desktop\hamid-luigi\sourcecode\context\x32-release\obj\context\context.tlog\rc.write.1.tlog
