Environment at start of build:
ALLUSERSPROFILE = C:\ProgramData
APPDATA = C:\Users\luigicasa\AppData\Roaming
CommonProgramFiles = C:\Program Files (x86)\Common Files
CommonProgramFiles(x86) = C:\Program Files (x86)\Common Files
CommonProgramW6432 = C:\Program Files\Common Files
COMPUTERNAME = LAPTOP-I9E2PLS7
ComSpec = C:\WINDOWS\system32\cmd.exe
FPS_BROWSER_APP_PROFILE_STRING = Internet Explorer
FPS_BROWSER_USER_PROFILE_STRING = Default
GNUPLOT_LIB = C:\Program Files\gnuplot\demo;C:\Program Files\gnuplot\demo\games;C:\Program Files\gnuplot\share
GNUTERM = qt
GOROOT = C:\Go\
HOMEDRIVE = C:
HOMEPATH = \Users\luigicasa
LOCALAPPDATA = C:\Users\luigicasa\AppData\Local
LOGONSERVER = \\LAPTOP-I9E2PLS7
MSBuildLoadMicrosoftTargetsReadOnly = true
NUMBER_OF_PROCESSORS = 4
OneDrive = C:\Users\luigicasa\OneDrive
OnlineServices = Online Services
OS = Windows_NT
Path = C:\Program Files (x86)\Intel\iCLS Client\;C:\Program Files\Intel\iCLS Client\;C:\ProgramData\Oracle\Java\javapath;C:\Program Files\ImageMagick-7.0.7-Q16;C:\WINDOWS\system32;C:\WINDOWS;C:\WINDOWS\System32\Wbem;C:\WINDOWS\System32\WindowsPowerShell\v1.0\;C:\Program Files (x86)\Skype\Phone\;C:\Program Files\PuTTY\;C:\WINDOWS\SysWOW64\WindowsPowerShell\v1.0\Modules\TShell\TShell\;C:\Go\bin;C:\PostgreSQL\pg96\bin;C:\Program Files\MySQL\MySQL Utilities 1.6\;C:\Program Files\nodejs\;C:\Program Files (x86)\LyX 2.2\Perl\bin;C:\data\Strawberry\c\bin;C:\data\Strawberry\perl\site\bin;C:\data\Strawberry\perl\bin;C:\Program Files (x86)\Intel\Intel(R) Management Engine Components\DAL;C:\Program Files\Intel\Intel(R) Management Engine Components\DAL;C:\Program Files (x86)\Intel\Intel(R) Management Engine Components\IPT;C:\Program Files\Intel\Intel(R) Management Engine Components\IPT;C:\Program Files\Git\cmd;C:\Program Files\dotnet\;C:\Program Files (x86)\Windows Kits\10\Windows Performance Toolkit\;C:\Users\luigicasa\.cargo\bin;C:\Users\luigicasa\AppData\Local\Microsoft\WindowsApps;;C:\Program Files\Microsoft VS Code\bin;C:\texlive\2017\bin\win32;C:\Users\luigicasa\AppData\Roaming\npm;C:\Program Files (x86)\Nmap
PATHEXT = .PY;.SCM;.COM;.EXE;.BAT;.CMD;.VBS;.VBE;.JS;.JSE;.WSF;.WSH;.MSC
PkgDefApplicationConfigFile = C:\Users\luigicasa\AppData\Local\Microsoft\VisualStudio\15.0_febf26ce\devenv.exe.config
platformcode = KV
PROCESSOR_ARCHITECTURE = x86
PROCESSOR_ARCHITEW6432 = AMD64
PROCESSOR_IDENTIFIER = Intel64 Family 6 Model 142 Stepping 9, GenuineIntel
PROCESSOR_LEVEL = 6
PROCESSOR_REVISION = 8e09
ProgramData = C:\ProgramData
ProgramFiles = C:\Program Files (x86)
ProgramFiles(x86) = C:\Program Files (x86)
ProgramW6432 = C:\Program Files
PSModulePath = C:\Program Files\WindowsPowerShell\Modules;C:\WINDOWS\system32\WindowsPowerShell\v1.0\Modules
PUBLIC = C:\Users\Public
RegionCode = EMEA
SciTE_HOME = C:\ProgramData\SciTE
SciTE_USERHOME = C:\Users\luigicasa\AppData\Roaming\SciTE
SESSIONNAME = Console
SystemDrive = C:
SystemRoot = C:\WINDOWS
TEMP = C:\Users\LUIGIC~1\AppData\Local\Temp
TMP = C:\Users\LUIGIC~1\AppData\Local\Temp
USERDOMAIN = LAPTOP-I9E2PLS7
USERDOMAIN_ROAMINGPROFILE = LAPTOP-I9E2PLS7
USERNAME = luigicasa
USERPROFILE = C:\Users\luigicasa
VBOX_MSI_INSTALL_PATH = C:\Program Files\Oracle\VirtualBox\
VisualStudioDir = C:\Users\luigicasa\Documents\Visual Studio 2017
VisualStudioEdition = Microsoft Visual Studio Community 2017
VisualStudioVersion = 15.0
VSAPPIDDIR = C:\Program Files (x86)\Microsoft Visual Studio\2017\Community\Common7\IDE\
VSAPPIDNAME = devenv.exe
VSLANG = 1033
VSSKUEDITION = Community
windir = C:\WINDOWS

  AutoCompletion.cpp
  ContextMacroListView.cpp
src\ContextMacroListView.cpp(67): warning C4018: '>': signed/unsigned mismatch
src\ContextMacroListView.cpp(80): warning C4018: '>': signed/unsigned mismatch
  Plugin.cpp
     Creating library C:\Users\luigicasa\Desktop\Hamid-Luigi\SourceCode\ConTeXt\x32-Release\ConTeXt.lib and object C:\Users\luigicasa\Desktop\Hamid-Luigi\SourceCode\ConTeXt\x32-Release\ConTeXt.exp
  Generating code
  10 of 2867 functions ( 0.3%) were compiled, the rest were copied from previous compilation.
    0 functions were new in current compilation
    56 functions had inline decision re-evaluated but remain unchanged
  Finished generating code
  ConTeXt.vcxproj -> C:\Users\luigicasa\Desktop\Hamid-Luigi\SourceCode\ConTeXt\x32-Release\ConTeXt.dll

Project Performance Summary:
     8893 ms  C:\Users\luigicasa\Desktop\Hamid-Luigi\SourceCode\ConTeXt\ConTeXt\ConTeXt.vcxproj   1 calls
               8893 ms  Build                                      1 calls

Target Performance Summary:
        0 ms  AfterResourceCompile                       1 calls
        0 ms  ComputeCLGeneratedLinkInputs               1 calls
        0 ms  ComputeCustomBuildOutput                   1 calls
        0 ms  ComputeManifestGeneratedLinkerInputs       1 calls
        0 ms  ComputeRCGeneratedLinkInputs               1 calls
        0 ms  ComputeRCOutputs                           1 calls
        0 ms  BeforeLink                                 1 calls
        0 ms  ComputeLegacyManifestEmbedding             1 calls
        0 ms  BuildLinkTraverse                          1 calls
        0 ms  ComputeManifestInputsTargets               1 calls
        0 ms  BuildCompile                               1 calls
        0 ms  AfterBuildCompileEvent                     1 calls
        0 ms  _ResourceCompile                           1 calls
        0 ms  Build                                      1 calls
        0 ms  CopyFilesToOutputDirectory                 1 calls
        0 ms  SelectResourceCompile                      1 calls
        0 ms  BeforeResourceCompile                      1 calls
        0 ms  GetCopyToOutputDirectoryXamlAppDefs        1 calls
        0 ms  AfterClCompile                             1 calls
        0 ms  _BuildCompileAction                        1 calls
        0 ms  SelectClCompile                            1 calls
        0 ms  AssignTargetPaths                          1 calls
        0 ms  PrepareResourceNames                       1 calls
        0 ms  _Deploy                                    1 calls
        0 ms  _Appverifier                               1 calls
        0 ms  CreateSatelliteAssemblies                  1 calls
        0 ms  _GenerateSatelliteAssemblyInputs           1 calls
        0 ms  _BscMake                                   1 calls
        0 ms  MakeDirsForBscMake                         1 calls
        0 ms  ComputeCLCompileGeneratedSbrFiles          1 calls
        0 ms  _XdcMake                                   1 calls
        0 ms  CreateCustomManifestResourceNames          1 calls
        0 ms  ComputeCLCompileGeneratedXDCFiles          1 calls
        0 ms  _Manifest                                  1 calls
        0 ms  _ALink                                     1 calls
        0 ms  _Link                                      1 calls
        0 ms  AfterLink                                  1 calls
        0 ms  _CopySourceItemsToOutputDirectory          1 calls
        0 ms  _CheckForCompileOutputs                    1 calls
        0 ms  ComputeLinkSwitches                        1 calls
        0 ms  PreLinkEvent                               1 calls
        0 ms  ResolvedXDCMake                            1 calls
        0 ms  SelectCustomBuild                          1 calls
        0 ms  _ClCompile                                 1 calls
        0 ms  _BuildLinkAction                           1 calls
        0 ms  BeforeBuildGenerateSources                 1 calls
        0 ms  BuildGenerateSourcesTraverse               1 calls
        0 ms  _SplitProjectReferencesByFileExistence     1 calls
        0 ms  ResolveReferences                          1 calls
        0 ms  AfterResolveReferences                     1 calls
        0 ms  _SelectedFiles                             1 calls
        0 ms  PreBuildEvent                              1 calls
        0 ms  ResolveAssemblyReferences                  1 calls
        0 ms  ExpandSDKReferences                        1 calls
        0 ms  ResolveSDKReferences                       1 calls
        0 ms  BuildLink                                  1 calls
        0 ms  AfterBuild                                 1 calls
        0 ms  PlatformPrepareForBuild                    1 calls
        0 ms  GetFrameworkPaths                          1 calls
        0 ms  BeforeResolveReferences                    1 calls
        0 ms  _Xsd                                       1 calls
        0 ms  PrepareProjectReferences                   1 calls
        0 ms  ComputeMIDLGeneratedCompileInputs          1 calls
        0 ms  ComputeCLInputPDBName                      1 calls
        0 ms  MakeDirsForMidl                            1 calls
        0 ms  FixupCLCompileOptions                      1 calls
        0 ms  BeforeClCompile                            1 calls
        0 ms  BuildCompileTraverse                       1 calls
        0 ms  ComputeReferenceCLInput                    1 calls
        0 ms  BuildGenerateSources                       1 calls
        0 ms  AfterBuildGenerateSourcesEvent             1 calls
        0 ms  _PrepareForBuild                           1 calls
        0 ms  AfterBuildGenerateSources                  1 calls
        0 ms  _Midl                                      1 calls
        0 ms  AfterMidl                                  1 calls
        0 ms  _BuildGenerateSourcesAction                1 calls
        0 ms  PostBuildEvent                             1 calls
        0 ms  GetReferenceAssemblyPaths                  1 calls
        1 ms  Desktop_PlatformPrepareForBuild            1 calls
        1 ms  AssignProjectConfiguration                 1 calls
        1 ms  GetResolvedWinMD                           1 calls
        1 ms  _PrepareForReferenceResolution             1 calls
        1 ms  SetBuildDefaultEnvironmentVariables        1 calls
        1 ms  ComputeCLOutputs                           1 calls
        1 ms  ComputeLinkInputsFromProject               1 calls
        1 ms  RegisterOutput                             1 calls
        1 ms  MakeDirsForXdcMake                         1 calls
        1 ms  MakeDirsForResourceCompile                 1 calls
        1 ms  SplitResourcesByCulture                    1 calls
        1 ms  MakeDirsForCl                              1 calls
        1 ms  MakeDirsForLink                            1 calls
        1 ms  GetCopyToOutputDirectoryItems              1 calls
        1 ms  ResolveProjectReferences                   1 calls
        1 ms  PrepareForRun                              1 calls
        1 ms  DoLinkOutputFilesMatch                     1 calls
        1 ms  _HandlePackageFileConflicts                1 calls
        2 ms  _GetProjectReferenceTargetFrameworkProperties   1 calls
        2 ms  CleanupEmptyRefsFolder                     1 calls
        2 ms  ComputeLinkImportLibraryOutputsForClean    1 calls
        3 ms  _CheckForInvalidConfigurationAndPlatform   1 calls
        3 ms  FinalizeBuildStatus                        1 calls
        3 ms  ResourceCompile                            1 calls
        4 ms  PrepareForBuild                            1 calls
        4 ms  WarnCompileDuplicatedFilename              1 calls
        6 ms  SetCABuildNativeEnvironmentVariables       1 calls
        9 ms  InitializeBuildStatus                      1 calls
     2409 ms  Link                                       1 calls
     6426 ms  ClCompile                                  1 calls
